0 info it worked if it ends with ok
1 verbose cli [ 'C:\\Program Files\\nodejs\\node.exe',
1 verbose cli   'C:\\Program Files\\nodejs\\node_modules\\npm\\bin\\npm-cli.js',
1 verbose cli   'config',
1 verbose cli   'get',
1 verbose cli   'prefix' ]
2 info using npm@3.10.3
3 info using node@v6.5.0
4 verbose stack Error: EPERM: operation not permitted, mkdir 'C:\Program Files\nodejs\node_global'
4 verbose stack     at Error (native)
5 verbose cwd t:\workspace\YEPF3
6 error Windows_NT 6.1.7601
7 error argv "C:\\Program Files\\nodejs\\node.exe" "C:\\Program Files\\nodejs\\node_modules\\npm\\bin\\npm-cli.js" "config" "get" "prefix"
8 error node v6.5.0
9 error npm  v3.10.3
10 error path C:\Program Files\nodejs\node_global
11 error code EPERM
12 error errno -4048
13 error syscall mkdir
14 error Error: EPERM: operation not permitted, mkdir 'C:\Program Files\nodejs\node_global'
14 error     at Error (native)
14 error  { Error: EPERM: operation not permitted, mkdir 'C:\Program Files\nodejs\node_global'
14 error     at Error (native)
14 error   errno: -4048,
14 error   code: 'EPERM',
14 error   syscall: 'mkdir',
14 error   path: 'C:\\Program Files\\nodejs\\node_global' }
15 error Please try running this command again as root/Administrator.
16 verbose exit [ -4048, true ]
